<?xml version="1.0" encoding="UTF-8"?>
<!-- Generated by org.testng.reporters.JUnitReportReporter -->
<testsuite hostname="A-RK71TVHJV9G4J" failures="0" tests="4" name="com.citi.runner.RunnerTest" time="49.755" errors="0" timestamp="2023-03-14T12:07:01 IST" skipped="0">
  <testcase classname="com.citi.runner.RunnerTest" name="runScenario" time="12.240"/>
  <system-out/>
  <testcase classname="com.citi.runner.RunnerTest" name="runScenario" time="12.627"/>
  <system-out/>
  <testcase classname="com.citi.runner.RunnerTest" name="runScenario" time="9.111"/>
  <system-out/>
  <testcase classname="com.citi.runner.RunnerTest" name="runScenario" time="15.777"/>
  <system-out/>
</testsuite> <!-- com.citi.runner.RunnerTest -->
