<?xml version="1.0" encoding="UTF-8"?>
<!-- Generated by org.testng.reporters.JUnitReportReporter -->
<testsuite hostname="A-RK71TVHJV9G4J" failures="0" tests="1" name="com.citi.runner.RunnerTest" time="12.761" errors="0" timestamp="2023-03-14T10:49:30 IST" skipped="0">
  <testcase classname="com.citi.runner.RunnerTest" name="runScenario" time="12.761"/>
  <system-out/>
</testsuite> <!-- com.citi.runner.RunnerTest -->
