<?xml version="1.0" encoding="UTF-8"?>
<!-- Generated by org.testng.reporters.JUnitReportReporter -->
<testsuite hostname="A-RK71TVHJV9G4J" failures="0" tests="2" name="com.citi.runner.RunnerTest" time="0.168" errors="0" timestamp="2023-03-13T13:07:36 IST" skipped="0">
  <testcase classname="com.citi.runner.RunnerTest" name="runScenario" time="0.145"/>
  <system-out/>
  <testcase classname="com.citi.runner.RunnerTest" name="runScenario" time="0.023"/>
  <system-out/>
</testsuite> <!-- com.citi.runner.RunnerTest -->
