<?xml version="1.0" encoding="UTF-8"?>
<!-- Generated by org.testng.reporters.JUnitReportReporter -->
<testsuite hostname="A-RK71TVHJV9G4J" failures="0" tests="2" name="com.citi.runner.RunnerTest" time="34.041" errors="0" timestamp="2023-03-15T10:51:55 IST" skipped="0">
  <testcase classname="com.citi.runner.RunnerTest" name="runScenario" time="18.248"/>
  <system-out/>
  <testcase classname="com.citi.runner.RunnerTest" name="runScenario" time="15.793"/>
  <system-out/>
</testsuite> <!-- com.citi.runner.RunnerTest -->
